<?xml version="1.0" encoding="UTF-8"?>
<testsuite name="BullsCowsTest" tests="1" skipped="0" failures="0" errors="0" timestamp="2024-09-20T14:11:07" hostname="DESKTOP-P3T3MT7" time="2.956">
  <properties/>
  <testcase name="start" classname="BullsCowsTest" time="2.956"/>
  <system-out><![CDATA[?[1;31m
Start test 1?[0m
Please enter the secret code's length:
> 1
Please enter the secret code's length:
> 10
The secret is prepared: * (0-9).
The random secret number is 9.
Okay, let's start a game!
Turn 1:
> 0
Grade: 0 bulls and 0 cows
Turn 2:
> 1
Grade: 0 bulls and 0 cows
Turn 3:
> 2
Grade: 0 bulls and 0 cows
Turn 4:
> 3
Grade: 0 bulls and 0 cows
Turn 5:
> 4
Grade: 0 bulls and 0 cows
Turn 6:
> 5
Grade: 0 bulls and 0 cows
Turn 7:
> 6
Grade: 0 bulls and 0 cows
Turn 8:
> 7
Grade: 0 bulls and 0 cows
Turn 9:
> 8
Grade: 0 bulls and 0 cows
Turn 10:
> 9
Grade: 1 bulls
Congratulations! You guessed the secret code.
?[1;31m
Start test 2?[0m
Please enter the secret code's length:
> 4
Please enter the secret code's length:
> 10
The secret is prepared: **** (0-9).
The random secret number is 0946.
Okay, let's start a game!
Turn 1:
> 0000
Grade: 1 bulls and 3 cows
Turn 2:
> 1111
Grade: 0 bulls and 0 cows
Turn 3:
> 2222
Grade: 0 bulls and 0 cows
Turn 4:
> 3333
Grade: 0 bulls and 0 cows
Turn 5:
> 4444
Grade: 1 bulls and 3 cows
Turn 6:
> 5555
Grade: 0 bulls and 0 cows
Turn 7:
> 6666
Grade: 1 bulls and 3 cows
Turn 8:
> 7777
Grade: 0 bulls and 0 cows
Turn 9:
> 8888
Grade: 0 bulls and 0 cows
Turn 10:
> 9999
Grade: 1 bulls and 3 cows
Turn 11:
> 0469
Grade: 1 bulls and 3 cows
Turn 12:
> 4069
Grade: 0 bulls and 4 cows
Turn 13:
> 6049
Grade: 1 bulls and 3 cows
Turn 14:
> 0649
Grade: 2 bulls and 2 cows
Turn 15:
> 4609
Grade: 0 bulls and 4 cows
Turn 16:
> 6409
Grade: 0 bulls and 4 cows
Turn 17:
> 9406
Grade: 1 bulls and 3 cows
Turn 18:
> 4906
Grade: 2 bulls and 2 cows
Turn 19:
> 0946
Grade: 4 bulls
Congratulations! You guessed the secret code.
?[1;31m
Start test 3?[0m
Please enter the secret code's length:
> 6
Please enter the secret code's length:
> 10
The secret is prepared: ****** (0-9).
The random secret number is 932671.
Okay, let's start a game!
Turn 1:
> 000000
Grade: 0 bulls and 0 cows
Turn 2:
> 111111
Grade: 1 bulls and 5 cows
Turn 3:
> 222222
Grade: 1 bulls and 5 cows
Turn 4:
> 333333
Grade: 1 bulls and 5 cows
Turn 5:
> 444444
Grade: 0 bulls and 0 cows
Turn 6:
> 555555
Grade: 0 bulls and 0 cows
Turn 7:
> 666666
Grade: 1 bulls and 5 cows
Turn 8:
> 777777
Grade: 1 bulls and 5 cows
Turn 9:
> 888888
Grade: 0 bulls and 0 cows
Turn 10:
> 999999
Grade: 1 bulls and 5 cows
Turn 11:
> 123679
Grade: 2 bulls and 4 cows
Turn 12:
> 213679
Grade: 2 bulls and 4 cows
Turn 13:
> 312679
Grade: 3 bulls and 3 cows
Turn 14:
> 132679
Grade: 4 bulls and 2 cows
Turn 15:
> 231679
Grade: 3 bulls and 3 cows
Turn 16:
> 321679
Grade: 2 bulls and 4 cows
Turn 17:
> 621379
Grade: 1 bulls and 5 cows
Turn 18:
> 261379
Grade: 1 bulls and 5 cows
Turn 19:
> 162379
Grade: 2 bulls and 4 cows
Turn 20:
> 612379
Grade: 2 bulls and 4 cows
Turn 21:
> 216379
Grade: 1 bulls and 5 cows
Turn 22:
> 126379
Grade: 1 bulls and 5 cows
Turn 23:
> 136279
Grade: 2 bulls and 4 cows
Turn 24:
> 316279
Grade: 1 bulls and 5 cows
Turn 25:
> 613279
Grade: 1 bulls and 5 cows
Turn 26:
> 163279
Grade: 1 bulls and 5 cows
Turn 27:
> 361279
Grade: 1 bulls and 5 cows
Turn 28:
> 631279
Grade: 2 bulls and 4 cows
Turn 29:
> 632179
Grade: 3 bulls and 3 cows
Turn 30:
> 362179
Grade: 2 bulls and 4 cows
Turn 31:
> 263179
Grade: 1 bulls and 5 cows
Turn 32:
> 623179
Grade: 1 bulls and 5 cows
Turn 33:
> 326179
Grade: 1 bulls and 5 cows
Turn 34:
> 236179
Grade: 2 bulls and 4 cows
Turn 35:
> 736129
Grade: 1 bulls and 5 cows
Turn 36:
> 376129
Grade: 0 bulls and 6 cows
Turn 37:
> 673129
Grade: 0 bulls and 6 cows
Turn 38:
> 763129
Grade: 0 bulls and 6 cows
Turn 39:
> 367129
Grade: 0 bulls and 6 cows
Turn 40:
> 637129
Grade: 1 bulls and 5 cows
Turn 41:
> 137629
Grade: 2 bulls and 4 cows
Turn 42:
> 317629
Grade: 1 bulls and 5 cows
Turn 43:
> 713629
Grade: 1 bulls and 5 cows
Turn 44:
> 173629
Grade: 1 bulls and 5 cows
Turn 45:
> 371629
Grade: 1 bulls and 5 cows
Turn 46:
> 731629
Grade: 2 bulls and 4 cows
Turn 47:
> 761329
Grade: 0 bulls and 6 cows
Turn 48:
> 671329
Grade: 0 bulls and 6 cows
Turn 49:
> 176329
Grade: 0 bulls and 6 cows
Turn 50:
> 716329
Grade: 0 bulls and 6 cows
Turn 51:
> 617329
Grade: 0 bulls and 6 cows
Turn 52:
> 167329
Grade: 0 bulls and 6 cows
Turn 53:
> 163729
Grade: 0 bulls and 6 cows
Turn 54:
> 613729
Grade: 0 bulls and 6 cows
Turn 55:
> 316729
Grade: 0 bulls and 6 cows
Turn 56:
> 136729
Grade: 1 bulls and 5 cows
Turn 57:
> 631729
Grade: 1 bulls and 5 cows
Turn 58:
> 361729
Grade: 0 bulls and 6 cows
Turn 59:
> 261739
Grade: 0 bulls and 6 cows
Turn 60:
> 621739
Grade: 0 bulls and 6 cows
Turn 61:
> 126739
Grade: 0 bulls and 6 cows
Turn 62:
> 216739
Grade: 0 bulls and 6 cows
Turn 63:
> 612739
Grade: 1 bulls and 5 cows
Turn 64:
> 162739
Grade: 1 bulls and 5 cows
Turn 65:
> 762139
Grade: 1 bulls and 5 cows
Turn 66:
> 672139
Grade: 1 bulls and 5 cows
Turn 67:
> 276139
Grade: 0 bulls and 6 cows
Turn 68:
> 726139
Grade: 0 bulls and 6 cows
Turn 69:
> 627139
Grade: 0 bulls and 6 cows
Turn 70:
> 267139
Grade: 0 bulls and 6 cows
Turn 71:
> 217639
Grade: 1 bulls and 5 cows
Turn 72:
> 127639
Grade: 1 bulls and 5 cows
Turn 73:
> 721639
Grade: 1 bulls and 5 cows
Turn 74:
> 271639
Grade: 1 bulls and 5 cows
Turn 75:
> 172639
Grade: 2 bulls and 4 cows
Turn 76:
> 712639
Grade: 2 bulls and 4 cows
Turn 77:
> 716239
Grade: 0 bulls and 6 cows
Turn 78:
> 176239
Grade: 0 bulls and 6 cows
Turn 79:
> 671239
Grade: 0 bulls and 6 cows
Turn 80:
> 761239
Grade: 0 bulls and 6 cows
Turn 81:
> 167239
Grade: 0 bulls and 6 cows
Turn 82:
> 617239
Grade: 0 bulls and 6 cows
Turn 83:
> 317269
Grade: 0 bulls and 6 cows
Turn 84:
> 137269
Grade: 1 bulls and 5 cows
Turn 85:
> 731269
Grade: 1 bulls and 5 cows
Turn 86:
> 371269
Grade: 0 bulls and 6 cows
Turn 87:
> 173269
Grade: 0 bulls and 6 cows
Turn 88:
> 713269
Grade: 0 bulls and 6 cows
Turn 89:
> 213769
Grade: 0 bulls and 6 cows
Turn 90:
> 123769
Grade: 0 bulls and 6 cows
Turn 91:
> 321769
Grade: 0 bulls and 6 cows
Turn 92:
> 231769
Grade: 1 bulls and 5 cows
Turn 93:
> 132769
Grade: 2 bulls and 4 cows
Turn 94:
> 312769
Grade: 1 bulls and 5 cows
Turn 95:
> 372169
Grade: 1 bulls and 5 cows
Turn 96:
> 732169
Grade: 2 bulls and 4 cows
Turn 97:
> 237169
Grade: 1 bulls and 5 cows
Turn 98:
> 327169
Grade: 0 bulls and 6 cows
Turn 99:
> 723169
Grade: 0 bulls and 6 cows
Turn 100:
> 273169
Grade: 0 bulls and 6 cows
Turn 101:
> 271369
Grade: 0 bulls and 6 cows
Turn 102:
> 721369
Grade: 0 bulls and 6 cows
Turn 103:
> 127369
Grade: 0 bulls and 6 cows
Turn 104:
> 217369
Grade: 0 bulls and 6 cows
Turn 105:
> 712369
Grade: 1 bulls and 5 cows
Turn 106:
> 172369
Grade: 1 bulls and 5 cows
Turn 107:
> 672319
Grade: 1 bulls and 5 cows
Turn 108:
> 762319
Grade: 1 bulls and 5 cows
Turn 109:
> 267319
Grade: 0 bulls and 6 cows
Turn 110:
> 627319
Grade: 0 bulls and 6 cows
Turn 111:
> 726319
Grade: 0 bulls and 6 cows
Turn 112:
> 276319
Grade: 0 bulls and 6 cows
Turn 113:
> 376219
Grade: 0 bulls and 6 cows
Turn 114:
> 736219
Grade: 1 bulls and 5 cows
Turn 115:
> 637219
Grade: 1 bulls and 5 cows
Turn 116:
> 367219
Grade: 0 bulls and 6 cows
Turn 117:
> 763219
Grade: 0 bulls and 6 cows
Turn 118:
> 673219
Grade: 0 bulls and 6 cows
Turn 119:
> 623719
Grade: 0 bulls and 6 cows
Turn 120:
> 263719
Grade: 0 bulls and 6 cows
Turn 121:
> 362719
Grade: 1 bulls and 5 cows
Turn 122:
> 632719
Grade: 2 bulls and 4 cows
Turn 123:
> 236719
Grade: 1 bulls and 5 cows
Turn 124:
> 326719
Grade: 0 bulls and 6 cows
Turn 125:
> 327619
Grade: 1 bulls and 5 cows
Turn 126:
> 237619
Grade: 2 bulls and 4 cows
Turn 127:
> 732619
Grade: 3 bulls and 3 cows
Turn 128:
> 372619
Grade: 2 bulls and 4 cows
Turn 129:
> 273619
Grade: 1 bulls and 5 cows
Turn 130:
> 723619
Grade: 1 bulls and 5 cows
Turn 131:
> 923617
Grade: 2 bulls and 4 cows
Turn 132:
> 293617
Grade: 1 bulls and 5 cows
Turn 133:
> 392617
Grade: 2 bulls and 4 cows
Turn 134:
> 932617
Grade: 4 bulls and 2 cows
Turn 135:
> 239617
Grade: 2 bulls and 4 cows
Turn 136:
> 329617
Grade: 1 bulls and 5 cows
Turn 137:
> 629317
Grade: 0 bulls and 6 cows
Turn 138:
> 269317
Grade: 0 bulls and 6 cows
Turn 139:
> 962317
Grade: 2 bulls and 4 cows
Turn 140:
> 692317
Grade: 1 bulls and 5 cows
Turn 141:
> 296317
Grade: 0 bulls and 6 cows
Turn 142:
> 926317
Grade: 1 bulls and 5 cows
Turn 143:
> 936217
Grade: 2 bulls and 4 cows
Turn 144:
> 396217
Grade: 0 bulls and 6 cows
Turn 145:
> 693217
Grade: 0 bulls and 6 cows
Turn 146:
> 963217
Grade: 1 bulls and 5 cows
Turn 147:
> 369217
Grade: 0 bulls and 6 cows
Turn 148:
> 639217
Grade: 1 bulls and 5 cows
Turn 149:
> 632917
Grade: 2 bulls and 4 cows
Turn 150:
> 362917
Grade: 1 bulls and 5 cows
Turn 151:
> 263917
Grade: 0 bulls and 6 cows
Turn 152:
> 623917
Grade: 0 bulls and 6 cows
Turn 153:
> 326917
Grade: 0 bulls and 6 cows
Turn 154:
> 236917
Grade: 1 bulls and 5 cows
Turn 155:
> 136927
Grade: 1 bulls and 5 cows
Turn 156:
> 316927
Grade: 0 bulls and 6 cows
Turn 157:
> 613927
Grade: 0 bulls and 6 cows
Turn 158:
> 163927
Grade: 0 bulls and 6 cows
Turn 159:
> 361927
Grade: 0 bulls and 6 cows
Turn 160:
> 631927
Grade: 1 bulls and 5 cows
Turn 161:
> 931627
Grade: 3 bulls and 3 cows
Turn 162:
> 391627
Grade: 1 bulls and 5 cows
Turn 163:
> 193627
Grade: 1 bulls and 5 cows
Turn 164:
> 913627
Grade: 2 bulls and 4 cows
Turn 165:
> 319627
Grade: 1 bulls and 5 cows
Turn 166:
> 139627
Grade: 2 bulls and 4 cows
Turn 167:
> 169327
Grade: 0 bulls and 6 cows
Turn 168:
> 619327
Grade: 0 bulls and 6 cows
Turn 169:
> 916327
Grade: 1 bulls and 5 cows
Turn 170:
> 196327
Grade: 0 bulls and 6 cows
Turn 171:
> 691327
Grade: 0 bulls and 6 cows
Turn 172:
> 961327
Grade: 1 bulls and 5 cows
Turn 173:
> 963127
Grade: 1 bulls and 5 cows
Turn 174:
> 693127
Grade: 0 bulls and 6 cows
Turn 175:
> 396127
Grade: 0 bulls and 6 cows
Turn 176:
> 936127
Grade: 2 bulls and 4 cows
Turn 177:
> 639127
Grade: 1 bulls and 5 cows
Turn 178:
> 369127
Grade: 0 bulls and 6 cows
Turn 179:
> 269137
Grade: 0 bulls and 6 cows
Turn 180:
> 629137
Grade: 0 bulls and 6 cows
Turn 181:
> 926137
Grade: 1 bulls and 5 cows
Turn 182:
> 296137
Grade: 0 bulls and 6 cows
Turn 183:
> 692137
Grade: 1 bulls and 5 cows
Turn 184:
> 962137
Grade: 2 bulls and 4 cows
Turn 185:
> 162937
Grade: 1 bulls and 5 cows
Turn 186:
> 612937
Grade: 1 bulls and 5 cows
Turn 187:
> 216937
Grade: 0 bulls and 6 cows
Turn 188:
> 126937
Grade: 0 bulls and 6 cows
Turn 189:
> 621937
Grade: 0 bulls and 6 cows
Turn 190:
> 261937
Grade: 0 bulls and 6 cows
Turn 191:
> 291637
Grade: 1 bulls and 5 cows
Turn 192:
> 921637
Grade: 2 bulls and 4 cows
Turn 193:
> 129637
Grade: 1 bulls and 5 cows
Turn 194:
> 219637
Grade: 1 bulls and 5 cows
Turn 195:
> 912637
Grade: 3 bulls and 3 cows
Turn 196:
> 192637
Grade: 2 bulls and 4 cows
Turn 197:
> 196237
Grade: 0 bulls and 6 cows
Turn 198:
> 916237
Grade: 1 bulls and 5 cows
Turn 199:
> 619237
Grade: 0 bulls and 6 cows
Turn 200:
> 169237
Grade: 0 bulls and 6 cows
Turn 201:
> 961237
Grade: 1 bulls and 5 cows
Turn 202:
> 691237
Grade: 0 bulls and 6 cows
Turn 203:
> 391267
Grade: 0 bulls and 6 cows
Turn 204:
> 931267
Grade: 2 bulls and 4 cows
Turn 205:
> 139267
Grade: 1 bulls and 5 cows
Turn 206:
> 319267
Grade: 0 bulls and 6 cows
Turn 207:
> 913267
Grade: 1 bulls and 5 cows
Turn 208:
> 193267
Grade: 0 bulls and 6 cows
Turn 209:
> 293167
Grade: 0 bulls and 6 cows
Turn 210:
> 923167
Grade: 1 bulls and 5 cows
Turn 211:
> 329167
Grade: 0 bulls and 6 cows
Turn 212:
> 239167
Grade: 1 bulls and 5 cows
Turn 213:
> 932167
Grade: 3 bulls and 3 cows
Turn 214:
> 392167
Grade: 1 bulls and 5 cows
Turn 215:
> 312967
Grade: 1 bulls and 5 cows
Turn 216:
> 132967
Grade: 2 bulls and 4 cows
Turn 217:
> 231967
Grade: 1 bulls and 5 cows
Turn 218:
> 321967
Grade: 0 bulls and 6 cows
Turn 219:
> 123967
Grade: 0 bulls and 6 cows
Turn 220:
> 213967
Grade: 0 bulls and 6 cows
Turn 221:
> 219367
Grade: 0 bulls and 6 cows
Turn 222:
> 129367
Grade: 0 bulls and 6 cows
Turn 223:
> 921367
Grade: 1 bulls and 5 cows
Turn 224:
> 291367
Grade: 0 bulls and 6 cows
Turn 225:
> 192367
Grade: 1 bulls and 5 cows
Turn 226:
> 912367
Grade: 2 bulls and 4 cows
Turn 227:
> 612397
Grade: 1 bulls and 5 cows
Turn 228:
> 162397
Grade: 1 bulls and 5 cows
Turn 229:
> 261397
Grade: 0 bulls and 6 cows
Turn 230:
> 621397
Grade: 0 bulls and 6 cows
Turn 231:
> 126397
Grade: 0 bulls and 6 cows
Turn 232:
> 216397
Grade: 0 bulls and 6 cows
Turn 233:
> 316297
Grade: 0 bulls and 6 cows
Turn 234:
> 136297
Grade: 1 bulls and 5 cows
Turn 235:
> 631297
Grade: 1 bulls and 5 cows
Turn 236:
> 361297
Grade: 0 bulls and 6 cows
Turn 237:
> 163297
Grade: 0 bulls and 6 cows
Turn 238:
> 613297
Grade: 0 bulls and 6 cows
Turn 239:
> 623197
Grade: 0 bulls and 6 cows
Turn 240:
> 263197
Grade: 0 bulls and 6 cows
Turn 241:
> 362197
Grade: 1 bulls and 5 cows
Turn 242:
> 632197
Grade: 2 bulls and 4 cows
Turn 243:
> 236197
Grade: 1 bulls and 5 cows
Turn 244:
> 326197
Grade: 0 bulls and 6 cows
Turn 245:
> 321697
Grade: 1 bulls and 5 cows
Turn 246:
> 231697
Grade: 2 bulls and 4 cows
Turn 247:
> 132697
Grade: 3 bulls and 3 cows
Turn 248:
> 312697
Grade: 2 bulls and 4 cows
Turn 249:
> 213697
Grade: 1 bulls and 5 cows
Turn 250:
> 123697
Grade: 1 bulls and 5 cows
Turn 251:
> 173692
Grade: 1 bulls and 5 cows
Turn 252:
> 713692
Grade: 1 bulls and 5 cows
Turn 253:
> 317692
Grade: 1 bulls and 5 cows
Turn 254:
> 137692
Grade: 2 bulls and 4 cows
Turn 255:
> 731692
Grade: 2 bulls and 4 cows
Turn 256:
> 371692
Grade: 1 bulls and 5 cows
Turn 257:
> 671392
Grade: 0 bulls and 6 cows
Turn 258:
> 761392
Grade: 0 bulls and 6 cows
Turn 259:
> 167392
Grade: 0 bulls and 6 cows
Turn 260:
> 617392
Grade: 0 bulls and 6 cows
Turn 261:
> 716392
Grade: 0 bulls and 6 cows
Turn 262:
> 176392
Grade: 0 bulls and 6 cows
Turn 263:
> 136792
Grade: 1 bulls and 5 cows
Turn 264:
> 316792
Grade: 0 bulls and 6 cows
Turn 265:
> 613792
Grade: 0 bulls and 6 cows
Turn 266:
> 163792
Grade: 0 bulls and 6 cows
Turn 267:
> 361792
Grade: 0 bulls and 6 cows
Turn 268:
> 631792
Grade: 1 bulls and 5 cows
Turn 269:
> 637192
Grade: 1 bulls and 5 cows
Turn 270:
> 367192
Grade: 0 bulls and 6 cows
Turn 271:
> 763192
Grade: 0 bulls and 6 cows
Turn 272:
> 673192
Grade: 0 bulls and 6 cows
Turn 273:
> 376192
Grade: 0 bulls and 6 cows
Turn 274:
> 736192
Grade: 1 bulls and 5 cows
Turn 275:
> 936172
Grade: 3 bulls and 3 cows
Turn 276:
> 396172
Grade: 1 bulls and 5 cows
Turn 277:
> 693172
Grade: 1 bulls and 5 cows
Turn 278:
> 963172
Grade: 2 bulls and 4 cows
Turn 279:
> 369172
Grade: 1 bulls and 5 cows
Turn 280:
> 639172
Grade: 2 bulls and 4 cows
Turn 281:
> 139672
Grade: 3 bulls and 3 cows
Turn 282:
> 319672
Grade: 2 bulls and 4 cows
Turn 283:
> 913672
Grade: 3 bulls and 3 cows
Turn 284:
> 193672
Grade: 2 bulls and 4 cows
Turn 285:
> 391672
Grade: 2 bulls and 4 cows
Turn 286:
> 931672
Grade: 4 bulls and 2 cows
Turn 287:
> 961372
Grade: 2 bulls and 4 cows
Turn 288:
> 691372
Grade: 1 bulls and 5 cows
Turn 289:
> 196372
Grade: 1 bulls and 5 cows
Turn 290:
> 916372
Grade: 2 bulls and 4 cows
Turn 291:
> 619372
Grade: 1 bulls and 5 cows
Turn 292:
> 169372
Grade: 1 bulls and 5 cows
Turn 293:
> 163972
Grade: 1 bulls and 5 cows
Turn 294:
> 613972
Grade: 1 bulls and 5 cows
Turn 295:
> 316972
Grade: 1 bulls and 5 cows
Turn 296:
> 136972
Grade: 2 bulls and 4 cows
Turn 297:
> 631972
Grade: 2 bulls and 4 cows
Turn 298:
> 361972
Grade: 1 bulls and 5 cows
Turn 299:
> 761932
Grade: 0 bulls and 6 cows
Turn 300:
> 671932
Grade: 0 bulls and 6 cows
Turn 301:
> 176932
Grade: 0 bulls and 6 cows
Turn 302:
> 716932
Grade: 0 bulls and 6 cows
Turn 303:
> 617932
Grade: 0 bulls and 6 cows
Turn 304:
> 167932
Grade: 0 bulls and 6 cows
Turn 305:
> 967132
Grade: 1 bulls and 5 cows
Turn 306:
> 697132
Grade: 0 bulls and 6 cows
Turn 307:
> 796132
Grade: 0 bulls and 6 cows
Turn 308:
> 976132
Grade: 1 bulls and 5 cows
Turn 309:
> 679132
Grade: 0 bulls and 6 cows
Turn 310:
> 769132
Grade: 0 bulls and 6 cows
Turn 311:
> 719632
Grade: 1 bulls and 5 cows
Turn 312:
> 179632
Grade: 1 bulls and 5 cows
Turn 313:
> 971632
Grade: 2 bulls and 4 cows
Turn 314:
> 791632
Grade: 1 bulls and 5 cows
Turn 315:
> 197632
Grade: 1 bulls and 5 cows
Turn 316:
> 917632
Grade: 2 bulls and 4 cows
Turn 317:
> 916732
Grade: 1 bulls and 5 cows
Turn 318:
> 196732
Grade: 0 bulls and 6 cows
Turn 319:
> 691732
Grade: 0 bulls and 6 cows
Turn 320:
> 961732
Grade: 1 bulls and 5 cows
Turn 321:
> 169732
Grade: 0 bulls and 6 cows
Turn 322:
> 619732
Grade: 0 bulls and 6 cows
Turn 323:
> 319762
Grade: 0 bulls and 6 cows
Turn 324:
> 139762
Grade: 1 bulls and 5 cows
Turn 325:
> 931762
Grade: 2 bulls and 4 cows
Turn 326:
> 391762
Grade: 0 bulls and 6 cows
Turn 327:
> 193762
Grade: 0 bulls and 6 cows
Turn 328:
> 913762
Grade: 1 bulls and 5 cows
Turn 329:
> 713962
Grade: 0 bulls and 6 cows
Turn 330:
> 173962
Grade: 0 bulls and 6 cows
Turn 331:
> 371962
Grade: 0 bulls and 6 cows
Turn 332:
> 731962
Grade: 1 bulls and 5 cows
Turn 333:
> 137962
Grade: 1 bulls and 5 cows
Turn 334:
> 317962
Grade: 0 bulls and 6 cows
Turn 335:
> 397162
Grade: 0 bulls and 6 cows
Turn 336:
> 937162
Grade: 2 bulls and 4 cows
Turn 337:
> 739162
Grade: 1 bulls and 5 cows
Turn 338:
> 379162
Grade: 0 bulls and 6 cows
Turn 339:
> 973162
Grade: 1 bulls and 5 cows
Turn 340:
> 793162
Grade: 0 bulls and 6 cows
Turn 341:
> 791362
Grade: 0 bulls and 6 cows
Turn 342:
> 971362
Grade: 1 bulls and 5 cows
Turn 343:
> 179362
Grade: 0 bulls and 6 cows
Turn 344:
> 719362
Grade: 0 bulls and 6 cows
Turn 345:
> 917362
Grade: 1 bulls and 5 cows
Turn 346:
> 197362
Grade: 0 bulls and 6 cows
Turn 347:
> 697312
Grade: 0 bulls and 6 cows
Turn 348:
> 967312
Grade: 1 bulls and 5 cows
Turn 349:
> 769312
Grade: 0 bulls and 6 cows
Turn 350:
> 679312
Grade: 0 bulls and 6 cows
Turn 351:
> 976312
Grade: 1 bulls and 5 cows
Turn 352:
> 796312
Grade: 0 bulls and 6 cows
Turn 353:
> 396712
Grade: 0 bulls and 6 cows
Turn 354:
> 936712
Grade: 2 bulls and 4 cows
Turn 355:
> 639712
Grade: 1 bulls and 5 cows
Turn 356:
> 369712
Grade: 0 bulls and 6 cows
Turn 357:
> 963712
Grade: 1 bulls and 5 cows
Turn 358:
> 693712
Grade: 0 bulls and 6 cows
Turn 359:
> 673912
Grade: 0 bulls and 6 cows
Turn 360:
> 763912
Grade: 0 bulls and 6 cows
Turn 361:
> 367912
Grade: 0 bulls and 6 cows
Turn 362:
> 637912
Grade: 1 bulls and 5 cows
Turn 363:
> 736912
Grade: 1 bulls and 5 cows
Turn 364:
> 376912
Grade: 0 bulls and 6 cows
Turn 365:
> 379612
Grade: 1 bulls and 5 cows
Turn 366:
> 739612
Grade: 2 bulls and 4 cows
Turn 367:
> 937612
Grade: 3 bulls and 3 cows
Turn 368:
> 397612
Grade: 1 bulls and 5 cows
Turn 369:
> 793612
Grade: 1 bulls and 5 cows
Turn 370:
> 973612
Grade: 2 bulls and 4 cows
Turn 371:
> 972613
Grade: 3 bulls and 3 cows
Turn 372:
> 792613
Grade: 2 bulls and 4 cows
Turn 373:
> 297613
Grade: 1 bulls and 5 cows
Turn 374:
> 927613
Grade: 2 bulls and 4 cows
Turn 375:
> 729613
Grade: 1 bulls and 5 cows
Turn 376:
> 279613
Grade: 1 bulls and 5 cows
Turn 377:
> 679213
Grade: 0 bulls and 6 cows
Turn 378:
> 769213
Grade: 0 bulls and 6 cows
Turn 379:
> 967213
Grade: 1 bulls and 5 cows
Turn 380:
> 697213
Grade: 0 bulls and 6 cows
Turn 381:
> 796213
Grade: 0 bulls and 6 cows
Turn 382:
> 976213
Grade: 1 bulls and 5 cows
Turn 383:
> 926713
Grade: 1 bulls and 5 cows
Turn 384:
> 296713
Grade: 0 bulls and 6 cows
Turn 385:
> 692713
Grade: 1 bulls and 5 cows
Turn 386:
> 962713
Grade: 2 bulls and 4 cows
Turn 387:
> 269713
Grade: 0 bulls and 6 cows
Turn 388:
> 629713
Grade: 0 bulls and 6 cows
Turn 389:
> 627913
Grade: 0 bulls and 6 cows
Turn 390:
> 267913
Grade: 0 bulls and 6 cows
Turn 391:
> 762913
Grade: 1 bulls and 5 cows
Turn 392:
> 672913
Grade: 1 bulls and 5 cows
Turn 393:
> 276913
Grade: 0 bulls and 6 cows
Turn 394:
> 726913
Grade: 0 bulls and 6 cows
Turn 395:
> 126973
Grade: 1 bulls and 5 cows
Turn 396:
> 216973
Grade: 1 bulls and 5 cows
Turn 397:
> 612973
Grade: 2 bulls and 4 cows
Turn 398:
> 162973
Grade: 2 bulls and 4 cows
Turn 399:
> 261973
Grade: 1 bulls and 5 cows
Turn 400:
> 621973
Grade: 1 bulls and 5 cows
Turn 401:
> 921673
Grade: 3 bulls and 3 cows
Turn 402:
> 291673
Grade: 2 bulls and 4 cows
Turn 403:
> 192673
Grade: 3 bulls and 3 cows
Turn 404:
> 912673
Grade: 4 bulls and 2 cows
Turn 405:
> 219673
Grade: 2 bulls and 4 cows
Turn 406:
> 129673
Grade: 2 bulls and 4 cows
Turn 407:
> 169273
Grade: 1 bulls and 5 cows
Turn 408:
> 619273
Grade: 1 bulls and 5 cows
Turn 409:
> 916273
Grade: 2 bulls and 4 cows
Turn 410:
> 196273
Grade: 1 bulls and 5 cows
Turn 411:
> 691273
Grade: 1 bulls and 5 cows
Turn 412:
> 961273
Grade: 2 bulls and 4 cows
Turn 413:
> 962173
Grade: 3 bulls and 3 cows
Turn 414:
> 692173
Grade: 2 bulls and 4 cows
Turn 415:
> 296173
Grade: 1 bulls and 5 cows
Turn 416:
> 926173
Grade: 2 bulls and 4 cows
Turn 417:
> 629173
Grade: 1 bulls and 5 cows
Turn 418:
> 269173
Grade: 1 bulls and 5 cows
Turn 419:
> 769123
Grade: 0 bulls and 6 cows
Turn 420:
> 679123
Grade: 0 bulls and 6 cows
Turn 421:
> 976123
Grade: 1 bulls and 5 cows
Turn 422:
> 796123
Grade: 0 bulls and 6 cows
Turn 423:
> 697123
Grade: 0 bulls and 6 cows
Turn 424:
> 967123
Grade: 1 bulls and 5 cows
Turn 425:
> 167923
Grade: 0 bulls and 6 cows
Turn 426:
> 617923
Grade: 0 bulls and 6 cows
Turn 427:
> 716923
Grade: 0 bulls and 6 cows
Turn 428:
> 176923
Grade: 0 bulls and 6 cows
Turn 429:
> 671923
Grade: 0 bulls and 6 cows
Turn 430:
> 761923
Grade: 0 bulls and 6 cows
Turn 431:
> 791623
Grade: 1 bulls and 5 cows
Turn 432:
> 971623
Grade: 2 bulls and 4 cows
Turn 433:
> 179623
Grade: 1 bulls and 5 cows
Turn 434:
> 719623
Grade: 1 bulls and 5 cows
Turn 435:
> 917623
Grade: 2 bulls and 4 cows
Turn 436:
> 197623
Grade: 1 bulls and 5 cows
Turn 437:
> 196723
Grade: 0 bulls and 6 cows
Turn 438:
> 916723
Grade: 1 bulls and 5 cows
Turn 439:
> 619723
Grade: 0 bulls and 6 cows
Turn 440:
> 169723
Grade: 0 bulls and 6 cows
Turn 441:
> 961723
Grade: 1 bulls and 5 cows
Turn 442:
> 691723
Grade: 0 bulls and 6 cows
Turn 443:
> 291763
Grade: 0 bulls and 6 cows
Turn 444:
> 921763
Grade: 1 bulls and 5 cows
Turn 445:
> 129763
Grade: 0 bulls and 6 cows
Turn 446:
> 219763
Grade: 0 bulls and 6 cows
Turn 447:
> 912763
Grade: 2 bulls and 4 cows
Turn 448:
> 192763
Grade: 1 bulls and 5 cows
Turn 449:
> 792163
Grade: 1 bulls and 5 cows
Turn 450:
> 972163
Grade: 2 bulls and 4 cows
Turn 451:
> 279163
Grade: 0 bulls and 6 cows
Turn 452:
> 729163
Grade: 0 bulls and 6 cows
Turn 453:
> 927163
Grade: 1 bulls and 5 cows
Turn 454:
> 297163
Grade: 0 bulls and 6 cows
Turn 455:
> 217963
Grade: 0 bulls and 6 cows
Turn 456:
> 127963
Grade: 0 bulls and 6 cows
Turn 457:
> 721963
Grade: 0 bulls and 6 cows
Turn 458:
> 271963
Grade: 0 bulls and 6 cows
Turn 459:
> 172963
Grade: 1 bulls and 5 cows
Turn 460:
> 712963
Grade: 1 bulls and 5 cows
Turn 461:
> 719263
Grade: 0 bulls and 6 cows
Turn 462:
> 179263
Grade: 0 bulls and 6 cows
Turn 463:
> 971263
Grade: 1 bulls and 5 cows
Turn 464:
> 791263
Grade: 0 bulls and 6 cows
Turn 465:
> 197263
Grade: 0 bulls and 6 cows
Turn 466:
> 917263
Grade: 1 bulls and 5 cows
Turn 467:
> 617293
Grade: 0 bulls and 6 cows
Turn 468:
> 167293
Grade: 0 bulls and 6 cows
Turn 469:
> 761293
Grade: 0 bulls and 6 cows
Turn 470:
> 671293
Grade: 0 bulls and 6 cows
Turn 471:
> 176293
Grade: 0 bulls and 6 cows
Turn 472:
> 716293
Grade: 0 bulls and 6 cows
Turn 473:
> 216793
Grade: 0 bulls and 6 cows
Turn 474:
> 126793
Grade: 0 bulls and 6 cows
Turn 475:
> 621793
Grade: 0 bulls and 6 cows
Turn 476:
> 261793
Grade: 0 bulls and 6 cows
Turn 477:
> 162793
Grade: 1 bulls and 5 cows
Turn 478:
> 612793
Grade: 1 bulls and 5 cows
Turn 479:
> 672193
Grade: 1 bulls and 5 cows
Turn 480:
> 762193
Grade: 1 bulls and 5 cows
Turn 481:
> 267193
Grade: 0 bulls and 6 cows
Turn 482:
> 627193
Grade: 0 bulls and 6 cows
Turn 483:
> 726193
Grade: 0 bulls and 6 cows
Turn 484:
> 276193
Grade: 0 bulls and 6 cows
Turn 485:
> 271693
Grade: 1 bulls and 5 cows
Turn 486:
> 721693
Grade: 1 bulls and 5 cows
Turn 487:
> 127693
Grade: 1 bulls and 5 cows
Turn 488:
> 217693
Grade: 1 bulls and 5 cows
Turn 489:
> 712693
Grade: 2 bulls and 4 cows
Turn 490:
> 172693
Grade: 2 bulls and 4 cows
Turn 491:
> 172396
Grade: 1 bulls and 5 cows
Turn 492:
> 712396
Grade: 1 bulls and 5 cows
Turn 493:
> 217396
Grade: 0 bulls and 6 cows
Turn 494:
> 127396
Grade: 0 bulls and 6 cows
Turn 495:
> 721396
Grade: 0 bulls and 6 cows
Turn 496:
> 271396
Grade: 0 bulls and 6 cows
Turn 497:
> 371296
Grade: 0 bulls and 6 cows
Turn 498:
> 731296
Grade: 1 bulls and 5 cows
Turn 499:
> 137296
Grade: 1 bulls and 5 cows
Turn 500:
> 317296
Grade: 0 bulls and 6 cows
Turn 501:
> 713296
Grade: 0 bulls and 6 cows
Turn 502:
> 173296
Grade: 0 bulls and 6 cows
Turn 503:
> 123796
Grade: 0 bulls and 6 cows
Turn 504:
> 213796
Grade: 0 bulls and 6 cows
Turn 505:
> 312796
Grade: 1 bulls and 5 cows
Turn 506:
> 132796
Grade: 2 bulls and 4 cows
Turn 507:
> 231796
Grade: 1 bulls and 5 cows
Turn 508:
> 321796
Grade: 0 bulls and 6 cows
Turn 509:
> 327196
Grade: 0 bulls and 6 cows
Turn 510:
> 237196
Grade: 1 bulls and 5 cows
Turn 511:
> 732196
Grade: 2 bulls and 4 cows
Turn 512:
> 372196
Grade: 1 bulls and 5 cows
Turn 513:
> 273196
Grade: 0 bulls and 6 cows
Turn 514:
> 723196
Grade: 0 bulls and 6 cows
Turn 515:
> 923176
Grade: 2 bulls and 4 cows
Turn 516:
> 293176
Grade: 1 bulls and 5 cows
Turn 517:
> 392176
Grade: 2 bulls and 4 cows
Turn 518:
> 932176
Grade: 4 bulls and 2 cows
Turn 519:
> 239176
Grade: 2 bulls and 4 cows
Turn 520:
> 329176
Grade: 1 bulls and 5 cows
Turn 521:
> 129376
Grade: 1 bulls and 5 cows
Turn 522:
> 219376
Grade: 1 bulls and 5 cows
Turn 523:
> 912376
Grade: 3 bulls and 3 cows
Turn 524:
> 192376
Grade: 2 bulls and 4 cows
Turn 525:
> 291376
Grade: 1 bulls and 5 cows
Turn 526:
> 921376
Grade: 2 bulls and 4 cows
Turn 527:
> 931276
Grade: 3 bulls and 3 cows
Turn 528:
> 391276
Grade: 1 bulls and 5 cows
Turn 529:
> 193276
Grade: 1 bulls and 5 cows
Turn 530:
> 913276
Grade: 2 bulls and 4 cows
Turn 531:
> 319276
Grade: 1 bulls and 5 cows
Turn 532:
> 139276
Grade: 2 bulls and 4 cows
Turn 533:
> 132976
Grade: 3 bulls and 3 cows
Turn 534:
> 312976
Grade: 2 bulls and 4 cows
Turn 535:
> 213976
Grade: 1 bulls and 5 cows
Turn 536:
> 123976
Grade: 1 bulls and 5 cows
Turn 537:
> 321976
Grade: 1 bulls and 5 cows
Turn 538:
> 231976
Grade: 2 bulls and 4 cows
Turn 539:
> 731926
Grade: 1 bulls and 5 cows
Turn 540:
> 371926
Grade: 0 bulls and 6 cows
Turn 541:
> 173926
Grade: 0 bulls and 6 cows
Turn 542:
> 713926
Grade: 0 bulls and 6 cows
Turn 543:
> 317926
Grade: 0 bulls and 6 cows
Turn 544:
> 137926
Grade: 1 bulls and 5 cows
Turn 545:
> 937126
Grade: 2 bulls and 4 cows
Turn 546:
> 397126
Grade: 0 bulls and 6 cows
Turn 547:
> 793126
Grade: 0 bulls and 6 cows
Turn 548:
> 973126
Grade: 1 bulls and 5 cows
Turn 549:
> 379126
Grade: 0 bulls and 6 cows
Turn 550:
> 739126
Grade: 1 bulls and 5 cows
Turn 551:
> 719326
Grade: 0 bulls and 6 cows
Turn 552:
> 179326
Grade: 0 bulls and 6 cows
Turn 553:
> 971326
Grade: 1 bulls and 5 cows
Turn 554:
> 791326
Grade: 0 bulls and 6 cows
Turn 555:
> 197326
Grade: 0 bulls and 6 cows
Turn 556:
> 917326
Grade: 1 bulls and 5 cows
Turn 557:
> 913726
Grade: 1 bulls and 5 cows
Turn 558:
> 193726
Grade: 0 bulls and 6 cows
Turn 559:
> 391726
Grade: 0 bulls and 6 cows
Turn 560:
> 931726
Grade: 2 bulls and 4 cows
Turn 561:
> 139726
Grade: 1 bulls and 5 cows
Turn 562:
> 319726
Grade: 0 bulls and 6 cows
Turn 563:
> 219736
Grade: 0 bulls and 6 cows
Turn 564:
> 129736
Grade: 0 bulls and 6 cows
Turn 565:
> 921736
Grade: 1 bulls and 5 cows
Turn 566:
> 291736
Grade: 0 bulls and 6 cows
Turn 567:
> 192736
Grade: 1 bulls and 5 cows
Turn 568:
> 912736
Grade: 2 bulls and 4 cows
Turn 569:
> 712936
Grade: 1 bulls and 5 cows
Turn 570:
> 172936
Grade: 1 bulls and 5 cows
Turn 571:
> 271936
Grade: 0 bulls and 6 cows
Turn 572:
> 721936
Grade: 0 bulls and 6 cows
Turn 573:
> 127936
Grade: 0 bulls and 6 cows
Turn 574:
> 217936
Grade: 0 bulls and 6 cows
Turn 575:
> 297136
Grade: 0 bulls and 6 cows
Turn 576:
> 927136
Grade: 1 bulls and 5 cows
Turn 577:
> 729136
Grade: 0 bulls and 6 cows
Turn 578:
> 279136
Grade: 0 bulls and 6 cows
Turn 579:
> 972136
Grade: 2 bulls and 4 cows
Turn 580:
> 792136
Grade: 1 bulls and 5 cows
Turn 581:
> 791236
Grade: 0 bulls and 6 cows
Turn 582:
> 971236
Grade: 1 bulls and 5 cows
Turn 583:
> 179236
Grade: 0 bulls and 6 cows
Turn 584:
> 719236
Grade: 0 bulls and 6 cows
Turn 585:
> 917236
Grade: 1 bulls and 5 cows
Turn 586:
> 197236
Grade: 0 bulls and 6 cows
Turn 587:
> 397216
Grade: 0 bulls and 6 cows
Turn 588:
> 937216
Grade: 2 bulls and 4 cows
Turn 589:
> 739216
Grade: 1 bulls and 5 cows
Turn 590:
> 379216
Grade: 0 bulls and 6 cows
Turn 591:
> 973216
Grade: 1 bulls and 5 cows
Turn 592:
> 793216
Grade: 0 bulls and 6 cows
Turn 593:
> 293716
Grade: 0 bulls and 6 cows
Turn 594:
> 923716
Grade: 1 bulls and 5 cows
Turn 595:
> 329716
Grade: 0 bulls and 6 cows
Turn 596:
> 239716
Grade: 1 bulls and 5 cows
Turn 597:
> 932716
Grade: 3 bulls and 3 cows
Turn 598:
> 392716
Grade: 1 bulls and 5 cows
Turn 599:
> 372916
Grade: 1 bulls and 5 cows
Turn 600:
> 732916
Grade: 2 bulls and 4 cows
Turn 601:
> 237916
Grade: 1 bulls and 5 cows
Turn 602:
> 327916
Grade: 0 bulls and 6 cows
Turn 603:
> 723916
Grade: 0 bulls and 6 cows
Turn 604:
> 273916
Grade: 0 bulls and 6 cows
Turn 605:
> 279316
Grade: 0 bulls and 6 cows
Turn 606:
> 729316
Grade: 0 bulls and 6 cows
Turn 607:
> 927316
Grade: 1 bulls and 5 cows
Turn 608:
> 297316
Grade: 0 bulls and 6 cows
Turn 609:
> 792316
Grade: 1 bulls and 5 cows
Turn 610:
> 972316
Grade: 2 bulls and 4 cows
Turn 611:
> 972361
Grade: 3 bulls and 3 cows
Turn 612:
> 792361
Grade: 2 bulls and 4 cows
Turn 613:
> 297361
Grade: 1 bulls and 5 cows
Turn 614:
> 927361
Grade: 2 bulls and 4 cows
Turn 615:
> 729361
Grade: 1 bulls and 5 cows
Turn 616:
> 279361
Grade: 1 bulls and 5 cows
Turn 617:
> 379261
Grade: 1 bulls and 5 cows
Turn 618:
> 739261
Grade: 2 bulls and 4 cows
Turn 619:
> 937261
Grade: 3 bulls and 3 cows
Turn 620:
> 397261
Grade: 1 bulls and 5 cows
Turn 621:
> 793261
Grade: 1 bulls and 5 cows
Turn 622:
> 973261
Grade: 2 bulls and 4 cows
Turn 623:
> 923761
Grade: 2 bulls and 4 cows
Turn 624:
> 293761
Grade: 1 bulls and 5 cows
Turn 625:
> 392761
Grade: 2 bulls and 4 cows
Turn 626:
> 932761
Grade: 4 bulls and 2 cows
Turn 627:
> 239761
Grade: 2 bulls and 4 cows
Turn 628:
> 329761
Grade: 1 bulls and 5 cows
Turn 629:
> 327961
Grade: 1 bulls and 5 cows
Turn 630:
> 237961
Grade: 2 bulls and 4 cows
Turn 631:
> 732961
Grade: 3 bulls and 3 cows
Turn 632:
> 372961
Grade: 2 bulls and 4 cows
Turn 633:
> 273961
Grade: 1 bulls and 5 cows
Turn 634:
> 723961
Grade: 1 bulls and 5 cows
Turn 635:
> 623971
Grade: 2 bulls and 4 cows
Turn 636:
> 263971
Grade: 2 bulls and 4 cows
Turn 637:
> 362971
Grade: 3 bulls and 3 cows
Turn 638:
> 632971
Grade: 4 bulls and 2 cows
Turn 639:
> 236971
Grade: 3 bulls and 3 cows
Turn 640:
> 326971
Grade: 2 bulls and 4 cows
Turn 641:
> 926371
Grade: 3 bulls and 3 cows
Turn 642:
> 296371
Grade: 2 bulls and 4 cows
Turn 643:
> 692371
Grade: 3 bulls and 3 cows
Turn 644:
> 962371
Grade: 4 bulls and 2 cows
Turn 645:
> 269371
Grade: 2 bulls and 4 cows
Turn 646:
> 629371
Grade: 2 bulls and 4 cows
Turn 647:
> 639271
Grade: 3 bulls and 3 cows
Turn 648:
> 369271
Grade: 2 bulls and 4 cows
Turn 649:
> 963271
Grade: 3 bulls and 3 cows
Turn 650:
> 693271
Grade: 2 bulls and 4 cows
Turn 651:
> 396271
Grade: 2 bulls and 4 cows
Turn 652:
> 936271
Grade: 4 bulls and 2 cows
Turn 653:
> 932671
Grade: 6 bulls
Congratulations! You guessed the secret code.
?[1;31m
Start test 4?[0m
Please enter the secret code's length:
> 11
Please enter the secret code's length:
> 10
Error: it's not possible to generate a code with a length of 11 with 10 unique symbols.
?[1;31m
Start test 5?[0m
Please enter the secret code's length:
> 4
Please enter the secret code's length:
> 16
The secret is prepared: **** (0-9,a-f).
The random secret number is 819b.
Okay, let's start a game!
Turn 1:
> 0000
Grade: 0 bulls and 0 cows
Turn 2:
> 1111
Grade: 1 bulls and 3 cows
Turn 3:
> 2222
Grade: 0 bulls and 0 cows
Turn 4:
> 3333
Grade: 0 bulls and 0 cows
Turn 5:
> 4444
Grade: 0 bulls and 0 cows
Turn 6:
> 5555
Grade: 0 bulls and 0 cows
Turn 7:
> 6666
Grade: 0 bulls and 0 cows
Turn 8:
> 7777
Grade: 0 bulls and 0 cows
Turn 9:
> 8888
Grade: 1 bulls and 3 cows
Turn 10:
> 9999
Grade: 1 bulls and 3 cows
Turn 11:
> aaaa
Grade: 0 bulls and 0 cows
Turn 12:
> bbbb
Grade: 1 bulls and 3 cows
Turn 13:
> 189b
Grade: 2 bulls and 2 cows
Turn 14:
> 819b
Grade: 4 bulls
Congratulations! You guessed the secret code.
?[1;31m
Start test 6?[0m
Please enter the secret code's length:
> 6
Please enter the secret code's length:
> 36
The secret is prepared: ****** (0-9,a-z).
The random secret number is n8erzp.
Okay, let's start a game!
Turn 1:
> 000000
Grade: 0 bulls and 0 cows
Turn 2:
> 111111
Grade: 0 bulls and 0 cows
Turn 3:
> 222222
Grade: 0 bulls and 0 cows
Turn 4:
> 333333
Grade: 0 bulls and 0 cows
Turn 5:
> 444444
Grade: 0 bulls and 0 cows
Turn 6:
> 555555
Grade: 0 bulls and 0 cows
Turn 7:
> 666666
Grade: 0 bulls and 0 cows
Turn 8:
> 777777
Grade: 0 bulls and 0 cows
Turn 9:
> 888888
Grade: 1 bulls and 5 cows
Turn 10:
> 999999
Grade: 0 bulls and 0 cows
Turn 11:
> aaaaaa
Grade: 0 bulls and 0 cows
Turn 12:
> bbbbbb
Grade: 0 bulls and 0 cows
Turn 13:
> cccccc
Grade: 0 bulls and 0 cows
Turn 14:
> dddddd
Grade: 0 bulls and 0 cows
Turn 15:
> eeeeee
Grade: 1 bulls and 5 cows
Turn 16:
> ffffff
Grade: 0 bulls and 0 cows
Turn 17:
> gggggg
Grade: 0 bulls and 0 cows
Turn 18:
> hhhhhh
Grade: 0 bulls and 0 cows
Turn 19:
> iiiiii
Grade: 0 bulls and 0 cows
Turn 20:
> jjjjjj
Grade: 0 bulls and 0 cows
Turn 21:
> kkkkkk
Grade: 0 bulls and 0 cows
Turn 22:
> llllll
Grade: 0 bulls and 0 cows
Turn 23:
> mmmmmm
Grade: 0 bulls and 0 cows
Turn 24:
> nnnnnn
Grade: 1 bulls and 5 cows
Turn 25:
> oooooo
Grade: 0 bulls and 0 cows
Turn 26:
> pppppp
Grade: 1 bulls and 5 cows
Turn 27:
> qqqqqq
Grade: 0 bulls and 0 cows
Turn 28:
> rrrrrr
Grade: 1 bulls and 5 cows
Turn 29:
> ssssss
Grade: 0 bulls and 0 cows
Turn 30:
> tttttt
Grade: 0 bulls and 0 cows
Turn 31:
> uuuuuu
Grade: 0 bulls and 0 cows
Turn 32:
> vvvvvv
Grade: 0 bulls and 0 cows
Turn 33:
> wwwwww
Grade: 0 bulls and 0 cows
Turn 34:
> xxxxxx
Grade: 0 bulls and 0 cows
Turn 35:
> yyyyyy
Grade: 0 bulls and 0 cows
Turn 36:
> zzzzzz
Grade: 1 bulls and 5 cows
Turn 37:
> 8enprz
Grade: 0 bulls and 6 cows
Turn 38:
> e8nprz
Grade: 1 bulls and 5 cows
Turn 39:
> n8eprz
Grade: 3 bulls and 3 cows
Turn 40:
> 8neprz
Grade: 1 bulls and 5 cows
Turn 41:
> en8prz
Grade: 0 bulls and 6 cows
Turn 42:
> ne8prz
Grade: 1 bulls and 5 cows
Turn 43:
> pe8nrz
Grade: 0 bulls and 6 cows
Turn 44:
> ep8nrz
Grade: 0 bulls and 6 cows
Turn 45:
> 8penrz
Grade: 1 bulls and 5 cows
Turn 46:
> p8enrz
Grade: 2 bulls and 4 cows
Turn 47:
> e8pnrz
Grade: 1 bulls and 5 cows
Turn 48:
> 8epnrz
Grade: 0 bulls and 6 cows
Turn 49:
> 8nperz
Grade: 0 bulls and 6 cows
Turn 50:
> n8perz
Grade: 2 bulls and 4 cows
Turn 51:
> p8nerz
Grade: 1 bulls and 5 cows
Turn 52:
> 8pnerz
Grade: 0 bulls and 6 cows
Turn 53:
> np8erz
Grade: 1 bulls and 5 cows
Turn 54:
> pn8erz
Grade: 0 bulls and 6 cows
Turn 55:
> pne8rz
Grade: 1 bulls and 5 cows
Turn 56:
> npe8rz
Grade: 2 bulls and 4 cows
Turn 57:
> epn8rz
Grade: 0 bulls and 6 cows
Turn 58:
> pen8rz
Grade: 0 bulls and 6 cows
Turn 59:
> nep8rz
Grade: 1 bulls and 5 cows
Turn 60:
> enp8rz
Grade: 0 bulls and 6 cows
Turn 61:
> rnp8ez
Grade: 0 bulls and 6 cows
Turn 62:
> nrp8ez
Grade: 1 bulls and 5 cows
Turn 63:
> prn8ez
Grade: 0 bulls and 6 cows
Turn 64:
> rpn8ez
Grade: 0 bulls and 6 cows
Turn 65:
> npr8ez
Grade: 1 bulls and 5 cows
Turn 66:
> pnr8ez
Grade: 0 bulls and 6 cows
Turn 67:
> 8nrpez
Grade: 0 bulls and 6 cows
Turn 68:
> n8rpez
Grade: 2 bulls and 4 cows
Turn 69:
> r8npez
Grade: 1 bulls and 5 cows
Turn 70:
> 8rnpez
Grade: 0 bulls and 6 cows
Turn 71:
> nr8pez
Grade: 1 bulls and 5 cows
Turn 72:
> rn8pez
Grade: 0 bulls and 6 cows
Turn 73:
> rp8nez
Grade: 0 bulls and 6 cows
Turn 74:
> pr8nez
Grade: 0 bulls and 6 cows
Turn 75:
> 8rpnez
Grade: 0 bulls and 6 cows
Turn 76:
> r8pnez
Grade: 1 bulls and 5 cows
Turn 77:
> p8rnez
Grade: 1 bulls and 5 cows
Turn 78:
> 8prnez
Grade: 0 bulls and 6 cows
Turn 79:
> 8pnrez
Grade: 1 bulls and 5 cows
Turn 80:
> p8nrez
Grade: 2 bulls and 4 cows
Turn 81:
> n8prez
Grade: 3 bulls and 3 cows
Turn 82:
> 8nprez
Grade: 1 bulls and 5 cows
Turn 83:
> pn8rez
Grade: 1 bulls and 5 cows
Turn 84:
> np8rez
Grade: 2 bulls and 4 cows
Turn 85:
> ep8rnz
Grade: 1 bulls and 5 cows
Turn 86:
> pe8rnz
Grade: 1 bulls and 5 cows
Turn 87:
> 8eprnz
Grade: 1 bulls and 5 cows
Turn 88:
> e8prnz
Grade: 2 bulls and 4 cows
Turn 89:
> p8ernz
Grade: 3 bulls and 3 cows
Turn 90:
> 8pernz
Grade: 2 bulls and 4 cows
Turn 91:
> rpe8nz
Grade: 1 bulls and 5 cows
Turn 92:
> pre8nz
Grade: 1 bulls and 5 cows
Turn 93:
> erp8nz
Grade: 0 bulls and 6 cows
Turn 94:
> rep8nz
Grade: 0 bulls and 6 cows
Turn 95:
> per8nz
Grade: 0 bulls and 6 cows
Turn 96:
> epr8nz
Grade: 0 bulls and 6 cows
Turn 97:
> e8rpnz
Grade: 1 bulls and 5 cows
Turn 98:
> 8erpnz
Grade: 0 bulls and 6 cows
Turn 99:
> re8pnz
Grade: 0 bulls and 6 cows
Turn 100:
> er8pnz
Grade: 0 bulls and 6 cows
Turn 101:
> 8repnz
Grade: 1 bulls and 5 cows
Turn 102:
> r8epnz
Grade: 2 bulls and 4 cows
Turn 103:
> r8penz
Grade: 1 bulls and 5 cows
Turn 104:
> 8rpenz
Grade: 0 bulls and 6 cows
Turn 105:
> pr8enz
Grade: 0 bulls and 6 cows
Turn 106:
> rp8enz
Grade: 0 bulls and 6 cows
Turn 107:
> 8prenz
Grade: 0 bulls and 6 cows
Turn 108:
> p8renz
Grade: 1 bulls and 5 cows
Turn 109:
> n8repz
Grade: 2 bulls and 4 cows
Turn 110:
> 8nrepz
Grade: 0 bulls and 6 cows
Turn 111:
> rn8epz
Grade: 0 bulls and 6 cows
Turn 112:
> nr8epz
Grade: 1 bulls and 5 cows
Turn 113:
> 8rnepz
Grade: 0 bulls and 6 cows
Turn 114:
> r8nepz
Grade: 1 bulls and 5 cows
Turn 115:
> e8nrpz
Grade: 2 bulls and 4 cows
Turn 116:
> 8enrpz
Grade: 1 bulls and 5 cows
Turn 117:
> ne8rpz
Grade: 2 bulls and 4 cows
Turn 118:
> en8rpz
Grade: 1 bulls and 5 cows
Turn 119:
> 8nerpz
Grade: 2 bulls and 4 cows
Turn 120:
> n8erpz
Grade: 4 bulls and 2 cows
Turn 121:
> nre8pz
Grade: 2 bulls and 4 cows
Turn 122:
> rne8pz
Grade: 1 bulls and 5 cows
Turn 123:
> enr8pz
Grade: 0 bulls and 6 cows
Turn 124:
> ner8pz
Grade: 1 bulls and 5 cows
Turn 125:
> ren8pz
Grade: 0 bulls and 6 cows
Turn 126:
> ern8pz
Grade: 0 bulls and 6 cows
Turn 127:
> er8npz
Grade: 0 bulls and 6 cows
Turn 128:
> re8npz
Grade: 0 bulls and 6 cows
Turn 129:
> 8ernpz
Grade: 0 bulls and 6 cows
Turn 130:
> e8rnpz
Grade: 1 bulls and 5 cows
Turn 131:
> r8enpz
Grade: 2 bulls and 4 cows
Turn 132:
> 8renpz
Grade: 1 bulls and 5 cows
Turn 133:
> pren8z
Grade: 1 bulls and 5 cows
Turn 134:
> rpen8z
Grade: 1 bulls and 5 cows
Turn 135:
> eprn8z
Grade: 0 bulls and 6 cows
Turn 136:
> pern8z
Grade: 0 bulls and 6 cows
Turn 137:
> repn8z
Grade: 0 bulls and 6 cows
Turn 138:
> erpn8z
Grade: 0 bulls and 6 cows
Turn 139:
> nrpe8z
Grade: 1 bulls and 5 cows
Turn 140:
> rnpe8z
Grade: 0 bulls and 6 cows
Turn 141:
> pnre8z
Grade: 0 bulls and 6 cows
Turn 142:
> npre8z
Grade: 1 bulls and 5 cows
Turn 143:
> rpne8z
Grade: 0 bulls and 6 cows
Turn 144:
> prne8z
Grade: 0 bulls and 6 cows
Turn 145:
> penr8z
Grade: 1 bulls and 5 cows
Turn 146:
> epnr8z
Grade: 1 bulls and 5 cows
Turn 147:
> nper8z
Grade: 3 bulls and 3 cows
Turn 148:
> pner8z
Grade: 2 bulls and 4 cows
Turn 149:
> enpr8z
Grade: 1 bulls and 5 cows
Turn 150:
> nepr8z
Grade: 2 bulls and 4 cows
Turn 151:
> nerp8z
Grade: 1 bulls and 5 cows
Turn 152:
> enrp8z
Grade: 0 bulls and 6 cows
Turn 153:
> rnep8z
Grade: 1 bulls and 5 cows
Turn 154:
> nrep8z
Grade: 2 bulls and 4 cows
Turn 155:
> ernp8z
Grade: 0 bulls and 6 cows
Turn 156:
> renp8z
Grade: 0 bulls and 6 cows
Turn 157:
> zenp8r
Grade: 0 bulls and 6 cows
Turn 158:
> eznp8r
Grade: 0 bulls and 6 cows
Turn 159:
> nzep8r
Grade: 2 bulls and 4 cows
Turn 160:
> znep8r
Grade: 1 bulls and 5 cows
Turn 161:
> enzp8r
Grade: 0 bulls and 6 cows
Turn 162:
> nezp8r
Grade: 1 bulls and 5 cows
Turn 163:
> pezn8r
Grade: 0 bulls and 6 cows
Turn 164:
> epzn8r
Grade: 0 bulls and 6 cows
Turn 165:
> zpen8r
Grade: 1 bulls and 5 cows
Turn 166:
> pzen8r
Grade: 1 bulls and 5 cows
Turn 167:
> ezpn8r
Grade: 0 bulls and 6 cows
Turn 168:
> zepn8r
Grade: 0 bulls and 6 cows
Turn 169:
> znpe8r
Grade: 0 bulls and 6 cows
Turn 170:
> nzpe8r
Grade: 1 bulls and 5 cows
Turn 171:
> pzne8r
Grade: 0 bulls and 6 cows
Turn 172:
> zpne8r
Grade: 0 bulls and 6 cows
Turn 173:
> npze8r
Grade: 1 bulls and 5 cows
Turn 174:
> pnze8r
Grade: 0 bulls and 6 cows
Turn 175:
> pnez8r
Grade: 1 bulls and 5 cows
Turn 176:
> npez8r
Grade: 2 bulls and 4 cows
Turn 177:
> epnz8r
Grade: 0 bulls and 6 cows
Turn 178:
> penz8r
Grade: 0 bulls and 6 cows
Turn 179:
> nepz8r
Grade: 1 bulls and 5 cows
Turn 180:
> enpz8r
Grade: 0 bulls and 6 cows
Turn 181:
> 8npzer
Grade: 0 bulls and 6 cows
Turn 182:
> n8pzer
Grade: 2 bulls and 4 cows
Turn 183:
> p8nzer
Grade: 1 bulls and 5 cows
Turn 184:
> 8pnzer
Grade: 0 bulls and 6 cows
Turn 185:
> np8zer
Grade: 1 bulls and 5 cows
Turn 186:
> pn8zer
Grade: 0 bulls and 6 cows
Turn 187:
> zn8per
Grade: 0 bulls and 6 cows
Turn 188:
> nz8per
Grade: 1 bulls and 5 cows
Turn 189:
> 8znper
Grade: 0 bulls and 6 cows
Turn 190:
> z8nper
Grade: 1 bulls and 5 cows
Turn 191:
> n8zper
Grade: 2 bulls and 4 cows
Turn 192:
> 8nzper
Grade: 0 bulls and 6 cows
Turn 193:
> 8pzner
Grade: 0 bulls and 6 cows
Turn 194:
> p8zner
Grade: 1 bulls and 5 cows
Turn 195:
> z8pner
Grade: 1 bulls and 5 cows
Turn 196:
> 8zpner
Grade: 0 bulls and 6 cows
Turn 197:
> pz8ner
Grade: 0 bulls and 6 cows
Turn 198:
> zp8ner
Grade: 0 bulls and 6 cows
Turn 199:
> zpn8er
Grade: 0 bulls and 6 cows
Turn 200:
> pzn8er
Grade: 0 bulls and 6 cows
Turn 201:
> nzp8er
Grade: 1 bulls and 5 cows
Turn 202:
> znp8er
Grade: 0 bulls and 6 cows
Turn 203:
> pnz8er
Grade: 0 bulls and 6 cows
Turn 204:
> npz8er
Grade: 1 bulls and 5 cows
Turn 205:
> epz8nr
Grade: 0 bulls and 6 cows
Turn 206:
> pez8nr
Grade: 0 bulls and 6 cows
Turn 207:
> zep8nr
Grade: 0 bulls and 6 cows
Turn 208:
> ezp8nr
Grade: 0 bulls and 6 cows
Turn 209:
> pze8nr
Grade: 1 bulls and 5 cows
Turn 210:
> zpe8nr
Grade: 1 bulls and 5 cows
Turn 211:
> 8peznr
Grade: 1 bulls and 5 cows
Turn 212:
> p8eznr
Grade: 2 bulls and 4 cows
Turn 213:
> e8pznr
Grade: 1 bulls and 5 cows
Turn 214:
> 8epznr
Grade: 0 bulls and 6 cows
Turn 215:
> pe8znr
Grade: 0 bulls and 6 cows
Turn 216:
> ep8znr
Grade: 0 bulls and 6 cows
Turn 217:
> ez8pnr
Grade: 0 bulls and 6 cows
Turn 218:
> ze8pnr
Grade: 0 bulls and 6 cows
Turn 219:
> 8ezpnr
Grade: 0 bulls and 6 cows
Turn 220:
> e8zpnr
Grade: 1 bulls and 5 cows
Turn 221:
> z8epnr
Grade: 2 bulls and 4 cows
Turn 222:
> 8zepnr
Grade: 1 bulls and 5 cows
Turn 223:
> 8zpenr
Grade: 0 bulls and 6 cows
Turn 224:
> z8penr
Grade: 1 bulls and 5 cows
Turn 225:
> p8zenr
Grade: 1 bulls and 5 cows
Turn 226:
> 8pzenr
Grade: 0 bulls and 6 cows
Turn 227:
> zp8enr
Grade: 0 bulls and 6 cows
Turn 228:
> pz8enr
Grade: 0 bulls and 6 cows
Turn 229:
> nz8epr
Grade: 1 bulls and 5 cows
Turn 230:
> zn8epr
Grade: 0 bulls and 6 cows
Turn 231:
> 8nzepr
Grade: 0 bulls and 6 cows
Turn 232:
> n8zepr
Grade: 2 bulls and 4 cows
Turn 233:
> z8nepr
Grade: 1 bulls and 5 cows
Turn 234:
> 8znepr
Grade: 0 bulls and 6 cows
Turn 235:
> ezn8pr
Grade: 0 bulls and 6 cows
Turn 236:
> zen8pr
Grade: 0 bulls and 6 cows
Turn 237:
> nez8pr
Grade: 1 bulls and 5 cows
Turn 238:
> enz8pr
Grade: 0 bulls and 6 cows
Turn 239:
> zne8pr
Grade: 1 bulls and 5 cows
Turn 240:
> nze8pr
Grade: 2 bulls and 4 cows
Turn 241:
> n8ezpr
Grade: 3 bulls and 3 cows
Turn 242:
> 8nezpr
Grade: 1 bulls and 5 cows
Turn 243:
> en8zpr
Grade: 0 bulls and 6 cows
Turn 244:
> ne8zpr
Grade: 1 bulls and 5 cows
Turn 245:
> 8enzpr
Grade: 0 bulls and 6 cows
Turn 246:
> e8nzpr
Grade: 1 bulls and 5 cows
Turn 247:
> e8znpr
Grade: 1 bulls and 5 cows
Turn 248:
> 8eznpr
Grade: 0 bulls and 6 cows
Turn 249:
> ze8npr
Grade: 0 bulls and 6 cows
Turn 250:
> ez8npr
Grade: 0 bulls and 6 cows
Turn 251:
> 8zenpr
Grade: 1 bulls and 5 cows
Turn 252:
> z8enpr
Grade: 2 bulls and 4 cows
Turn 253:
> p8enzr
Grade: 3 bulls and 3 cows
Turn 254:
> 8penzr
Grade: 2 bulls and 4 cows
Turn 255:
> ep8nzr
Grade: 1 bulls and 5 cows
Turn 256:
> pe8nzr
Grade: 1 bulls and 5 cows
Turn 257:
> 8epnzr
Grade: 1 bulls and 5 cows
Turn 258:
> e8pnzr
Grade: 2 bulls and 4 cows
Turn 259:
> n8pezr
Grade: 3 bulls and 3 cows
Turn 260:
> 8npezr
Grade: 1 bulls and 5 cows
Turn 261:
> pn8ezr
Grade: 1 bulls and 5 cows
Turn 262:
> np8ezr
Grade: 2 bulls and 4 cows
Turn 263:
> 8pnezr
Grade: 1 bulls and 5 cows
Turn 264:
> p8nezr
Grade: 2 bulls and 4 cows
Turn 265:
> pen8zr
Grade: 1 bulls and 5 cows
Turn 266:
> epn8zr
Grade: 1 bulls and 5 cows
Turn 267:
> npe8zr
Grade: 3 bulls and 3 cows
Turn 268:
> pne8zr
Grade: 2 bulls and 4 cows
Turn 269:
> enp8zr
Grade: 1 bulls and 5 cows
Turn 270:
> nep8zr
Grade: 2 bulls and 4 cows
Turn 271:
> ne8pzr
Grade: 2 bulls and 4 cows
Turn 272:
> en8pzr
Grade: 1 bulls and 5 cows
Turn 273:
> 8nepzr
Grade: 2 bulls and 4 cows
Turn 274:
> n8epzr
Grade: 4 bulls and 2 cows
Turn 275:
> e8npzr
Grade: 2 bulls and 4 cows
Turn 276:
> 8enpzr
Grade: 1 bulls and 5 cows
Turn 277:
> 8rnpze
Grade: 1 bulls and 5 cows
Turn 278:
> r8npze
Grade: 2 bulls and 4 cows
Turn 279:
> n8rpze
Grade: 3 bulls and 3 cows
Turn 280:
> 8nrpze
Grade: 1 bulls and 5 cows
Turn 281:
> rn8pze
Grade: 1 bulls and 5 cows
Turn 282:
> nr8pze
Grade: 2 bulls and 4 cows
Turn 283:
> pr8nze
Grade: 1 bulls and 5 cows
Turn 284:
> rp8nze
Grade: 1 bulls and 5 cows
Turn 285:
> 8prnze
Grade: 1 bulls and 5 cows
Turn 286:
> p8rnze
Grade: 2 bulls and 4 cows
Turn 287:
> r8pnze
Grade: 2 bulls and 4 cows
Turn 288:
> 8rpnze
Grade: 1 bulls and 5 cows
Turn 289:
> 8nprze
Grade: 2 bulls and 4 cows
Turn 290:
> n8prze
Grade: 4 bulls and 2 cows
Turn 291:
> p8nrze
Grade: 3 bulls and 3 cows
Turn 292:
> 8pnrze
Grade: 2 bulls and 4 cows
Turn 293:
> np8rze
Grade: 3 bulls and 3 cows
Turn 294:
> pn8rze
Grade: 2 bulls and 4 cows
Turn 295:
> pnr8ze
Grade: 1 bulls and 5 cows
Turn 296:
> npr8ze
Grade: 2 bulls and 4 cows
Turn 297:
> rpn8ze
Grade: 1 bulls and 5 cows
Turn 298:
> prn8ze
Grade: 1 bulls and 5 cows
Turn 299:
> nrp8ze
Grade: 2 bulls and 4 cows
Turn 300:
> rnp8ze
Grade: 1 bulls and 5 cows
Turn 301:
> znp8re
Grade: 0 bulls and 6 cows
Turn 302:
> nzp8re
Grade: 1 bulls and 5 cows
Turn 303:
> pzn8re
Grade: 0 bulls and 6 cows
Turn 304:
> zpn8re
Grade: 0 bulls and 6 cows
Turn 305:
> npz8re
Grade: 1 bulls and 5 cows
Turn 306:
> pnz8re
Grade: 0 bulls and 6 cows
Turn 307:
> 8nzpre
Grade: 0 bulls and 6 cows
Turn 308:
> n8zpre
Grade: 2 bulls and 4 cows
Turn 309:
> z8npre
Grade: 1 bulls and 5 cows
Turn 310:
> 8znpre
Grade: 0 bulls and 6 cows
Turn 311:
> nz8pre
Grade: 1 bulls and 5 cows
Turn 312:
> zn8pre
Grade: 0 bulls and 6 cows
Turn 313:
> zp8nre
Grade: 0 bulls and 6 cows
Turn 314:
> pz8nre
Grade: 0 bulls and 6 cows
Turn 315:
> 8zpnre
Grade: 0 bulls and 6 cows
Turn 316:
> z8pnre
Grade: 1 bulls and 5 cows
Turn 317:
> p8znre
Grade: 1 bulls and 5 cows
Turn 318:
> 8pznre
Grade: 0 bulls and 6 cows
Turn 319:
> 8pnzre
Grade: 0 bulls and 6 cows
Turn 320:
> p8nzre
Grade: 1 bulls and 5 cows
Turn 321:
> n8pzre
Grade: 2 bulls and 4 cows
Turn 322:
> 8npzre
Grade: 0 bulls and 6 cows
Turn 323:
> pn8zre
Grade: 0 bulls and 6 cows
Turn 324:
> np8zre
Grade: 1 bulls and 5 cows
Turn 325:
> rp8zne
Grade: 0 bulls and 6 cows
Turn 326:
> pr8zne
Grade: 0 bulls and 6 cows
Turn 327:
> 8rpzne
Grade: 0 bulls and 6 cows
Turn 328:
> r8pzne
Grade: 1 bulls and 5 cows
Turn 329:
> p8rzne
Grade: 1 bulls and 5 cows
Turn 330:
> 8przne
Grade: 0 bulls and 6 cows
Turn 331:
> zpr8ne
Grade: 0 bulls and 6 cows
Turn 332:
> pzr8ne
Grade: 0 bulls and 6 cows
Turn 333:
> rzp8ne
Grade: 0 bulls and 6 cows
Turn 334:
> zrp8ne
Grade: 0 bulls and 6 cows
Turn 335:
> prz8ne
Grade: 0 bulls and 6 cows
Turn 336:
> rpz8ne
Grade: 0 bulls and 6 cows
Turn 337:
> r8zpne
Grade: 1 bulls and 5 cows
Turn 338:
> 8rzpne
Grade: 0 bulls and 6 cows
Turn 339:
> zr8pne
Grade: 0 bulls and 6 cows
Turn 340:
> rz8pne
Grade: 0 bulls and 6 cows
Turn 341:
> 8zrpne
Grade: 0 bulls and 6 cows
Turn 342:
> z8rpne
Grade: 1 bulls and 5 cows
Turn 343:
> z8prne
Grade: 2 bulls and 4 cows
Turn 344:
> 8zprne
Grade: 1 bulls and 5 cows
Turn 345:
> pz8rne
Grade: 1 bulls and 5 cows
Turn 346:
> zp8rne
Grade: 1 bulls and 5 cows
Turn 347:
> 8pzrne
Grade: 1 bulls and 5 cows
Turn 348:
> p8zrne
Grade: 2 bulls and 4 cows
Turn 349:
> n8zrpe
Grade: 3 bulls and 3 cows
Turn 350:
> 8nzrpe
Grade: 1 bulls and 5 cows
Turn 351:
> zn8rpe
Grade: 1 bulls and 5 cows
Turn 352:
> nz8rpe
Grade: 2 bulls and 4 cows
Turn 353:
> 8znrpe
Grade: 1 bulls and 5 cows
Turn 354:
> z8nrpe
Grade: 2 bulls and 4 cows
Turn 355:
> r8nzpe
Grade: 1 bulls and 5 cows
Turn 356:
> 8rnzpe
Grade: 0 bulls and 6 cows
Turn 357:
> nr8zpe
Grade: 1 bulls and 5 cows
Turn 358:
> rn8zpe
Grade: 0 bulls and 6 cows
Turn 359:
> 8nrzpe
Grade: 0 bulls and 6 cows
Turn 360:
> n8rzpe
Grade: 2 bulls and 4 cows
Turn 361:
> nzr8pe
Grade: 1 bulls and 5 cows
Turn 362:
> znr8pe
Grade: 0 bulls and 6 cows
Turn 363:
> rnz8pe
Grade: 0 bulls and 6 cows
Turn 364:
> nrz8pe
Grade: 1 bulls and 5 cows
Turn 365:
> zrn8pe
Grade: 0 bulls and 6 cows
Turn 366:
> rzn8pe
Grade: 0 bulls and 6 cows
Turn 367:
> rz8npe
Grade: 0 bulls and 6 cows
Turn 368:
> zr8npe
Grade: 0 bulls and 6 cows
Turn 369:
> 8rznpe
Grade: 0 bulls and 6 cows
Turn 370:
> r8znpe
Grade: 1 bulls and 5 cows
Turn 371:
> z8rnpe
Grade: 1 bulls and 5 cows
Turn 372:
> 8zrnpe
Grade: 0 bulls and 6 cows
Turn 373:
> pzrn8e
Grade: 0 bulls and 6 cows
Turn 374:
> zprn8e
Grade: 0 bulls and 6 cows
Turn 375:
> rpzn8e
Grade: 0 bulls and 6 cows
Turn 376:
> przn8e
Grade: 0 bulls and 6 cows
Turn 377:
> zrpn8e
Grade: 0 bulls and 6 cows
Turn 378:
> rzpn8e
Grade: 0 bulls and 6 cows
Turn 379:
> nzpr8e
Grade: 2 bulls and 4 cows
Turn 380:
> znpr8e
Grade: 1 bulls and 5 cows
Turn 381:
> pnzr8e
Grade: 1 bulls and 5 cows
Turn 382:
> npzr8e
Grade: 2 bulls and 4 cows
Turn 383:
> zpnr8e
Grade: 1 bulls and 5 cows
Turn 384:
> pznr8e
Grade: 1 bulls and 5 cows
Turn 385:
> prnz8e
Grade: 0 bulls and 6 cows
Turn 386:
> rpnz8e
Grade: 0 bulls and 6 cows
Turn 387:
> nprz8e
Grade: 1 bulls and 5 cows
Turn 388:
> pnrz8e
Grade: 0 bulls and 6 cows
Turn 389:
> rnpz8e
Grade: 0 bulls and 6 cows
Turn 390:
> nrpz8e
Grade: 1 bulls and 5 cows
Turn 391:
> nrzp8e
Grade: 1 bulls and 5 cows
Turn 392:
> rnzp8e
Grade: 0 bulls and 6 cows
Turn 393:
> znrp8e
Grade: 0 bulls and 6 cows
Turn 394:
> nzrp8e
Grade: 1 bulls and 5 cows
Turn 395:
> rznp8e
Grade: 0 bulls and 6 cows
Turn 396:
> zrnp8e
Grade: 0 bulls and 6 cows
Turn 397:
> zrep8n
Grade: 1 bulls and 5 cows
Turn 398:
> rzep8n
Grade: 1 bulls and 5 cows
Turn 399:
> ezrp8n
Grade: 0 bulls and 6 cows
Turn 400:
> zerp8n
Grade: 0 bulls and 6 cows
Turn 401:
> rezp8n
Grade: 0 bulls and 6 cows
Turn 402:
> erzp8n
Grade: 0 bulls and 6 cows
Turn 403:
> prze8n
Grade: 0 bulls and 6 cows
Turn 404:
> rpze8n
Grade: 0 bulls and 6 cows
Turn 405:
> zpre8n
Grade: 0 bulls and 6 cows
Turn 406:
> pzre8n
Grade: 0 bulls and 6 cows
Turn 407:
> rzpe8n
Grade: 0 bulls and 6 cows
Turn 408:
> zrpe8n
Grade: 0 bulls and 6 cows
Turn 409:
> zepr8n
Grade: 1 bulls and 5 cows
Turn 410:
> ezpr8n
Grade: 1 bulls and 5 cows
Turn 411:
> pzer8n
Grade: 2 bulls and 4 cows
Turn 412:
> zper8n
Grade: 2 bulls and 4 cows
Turn 413:
> epzr8n
Grade: 1 bulls and 5 cows
Turn 414:
> pezr8n
Grade: 1 bulls and 5 cows
Turn 415:
> perz8n
Grade: 0 bulls and 6 cows
Turn 416:
> eprz8n
Grade: 0 bulls and 6 cows
Turn 417:
> rpez8n
Grade: 1 bulls and 5 cows
Turn 418:
> prez8n
Grade: 1 bulls and 5 cows
Turn 419:
> erpz8n
Grade: 0 bulls and 6 cows
Turn 420:
> repz8n
Grade: 0 bulls and 6 cows
Turn 421:
> 8epzrn
Grade: 0 bulls and 6 cows
Turn 422:
> e8pzrn
Grade: 1 bulls and 5 cows
Turn 423:
> p8ezrn
Grade: 2 bulls and 4 cows
Turn 424:
> 8pezrn
Grade: 1 bulls and 5 cows
Turn 425:
> ep8zrn
Grade: 0 bulls and 6 cows
Turn 426:
> pe8zrn
Grade: 0 bulls and 6 cows
Turn 427:
> ze8prn
Grade: 0 bulls and 6 cows
Turn 428:
> ez8prn
Grade: 0 bulls and 6 cows
Turn 429:
> 8zeprn
Grade: 1 bulls and 5 cows
Turn 430:
> z8eprn
Grade: 2 bulls and 4 cows
Turn 431:
> e8zprn
Grade: 1 bulls and 5 cows
Turn 432:
> 8ezprn
Grade: 0 bulls and 6 cows
Turn 433:
> 8pzern
Grade: 0 bulls and 6 cows
Turn 434:
> p8zern
Grade: 1 bulls and 5 cows
Turn 435:
> z8pern
Grade: 1 bulls and 5 cows
Turn 436:
> 8zpern
Grade: 0 bulls and 6 cows
Turn 437:
> pz8ern
Grade: 0 bulls and 6 cows
Turn 438:
> zp8ern
Grade: 0 bulls and 6 cows
Turn 439:
> zpe8rn
Grade: 1 bulls and 5 cows
Turn 440:
> pze8rn
Grade: 1 bulls and 5 cows
Turn 441:
> ezp8rn
Grade: 0 bulls and 6 cows
Turn 442:
> zep8rn
Grade: 0 bulls and 6 cows
Turn 443:
> pez8rn
Grade: 0 bulls and 6 cows
Turn 444:
> epz8rn
Grade: 0 bulls and 6 cows
Turn 445:
> rpz8en
Grade: 0 bulls and 6 cows
Turn 446:
> prz8en
Grade: 0 bulls and 6 cows
Turn 447:
> zrp8en
Grade: 0 bulls and 6 cows
Turn 448:
> rzp8en
Grade: 0 bulls and 6 cows
Turn 449:
> pzr8en
Grade: 0 bulls and 6 cows
Turn 450:
> zpr8en
Grade: 0 bulls and 6 cows
Turn 451:
> 8przen
Grade: 0 bulls and 6 cows
Turn 452:
> p8rzen
Grade: 1 bulls and 5 cows
Turn 453:
> r8pzen
Grade: 1 bulls and 5 cows
Turn 454:
> 8rpzen
Grade: 0 bulls and 6 cows
Turn 455:
> pr8zen
Grade: 0 bulls and 6 cows
Turn 456:
> rp8zen
Grade: 0 bulls and 6 cows
Turn 457:
> rz8pen
Grade: 0 bulls and 6 cows
Turn 458:
> zr8pen
Grade: 0 bulls and 6 cows
Turn 459:
> 8rzpen
Grade: 0 bulls and 6 cows
Turn 460:
> r8zpen
Grade: 1 bulls and 5 cows
Turn 461:
> z8rpen
Grade: 1 bulls and 5 cows
Turn 462:
> 8zrpen
Grade: 0 bulls and 6 cows
Turn 463:
> 8zpren
Grade: 1 bulls and 5 cows
Turn 464:
> z8pren
Grade: 2 bulls and 4 cows
Turn 465:
> p8zren
Grade: 2 bulls and 4 cows
Turn 466:
> 8pzren
Grade: 1 bulls and 5 cows
Turn 467:
> zp8ren
Grade: 1 bulls and 5 cows
Turn 468:
> pz8ren
Grade: 1 bulls and 5 cows
Turn 469:
> ez8rpn
Grade: 1 bulls and 5 cows
Turn 470:
> ze8rpn
Grade: 1 bulls and 5 cows
Turn 471:
> 8ezrpn
Grade: 1 bulls and 5 cows
Turn 472:
> e8zrpn
Grade: 2 bulls and 4 cows
Turn 473:
> z8erpn
Grade: 3 bulls and 3 cows
Turn 474:
> 8zerpn
Grade: 2 bulls and 4 cows
Turn 475:
> rze8pn
Grade: 1 bulls and 5 cows
Turn 476:
> zre8pn
Grade: 1 bulls and 5 cows
Turn 477:
> erz8pn
Grade: 0 bulls and 6 cows
Turn 478:
> rez8pn
Grade: 0 bulls and 6 cows
Turn 479:
> zer8pn
Grade: 0 bulls and 6 cows
Turn 480:
> ezr8pn
Grade: 0 bulls and 6 cows
Turn 481:
> e8rzpn
Grade: 1 bulls and 5 cows
Turn 482:
> 8erzpn
Grade: 0 bulls and 6 cows
Turn 483:
> re8zpn
Grade: 0 bulls and 6 cows
Turn 484:
> er8zpn
Grade: 0 bulls and 6 cows
Turn 485:
> 8rezpn
Grade: 1 bulls and 5 cows
Turn 486:
> r8ezpn
Grade: 2 bulls and 4 cows
Turn 487:
> r8zepn
Grade: 1 bulls and 5 cows
Turn 488:
> 8rzepn
Grade: 0 bulls and 6 cows
Turn 489:
> zr8epn
Grade: 0 bulls and 6 cows
Turn 490:
> rz8epn
Grade: 0 bulls and 6 cows
Turn 491:
> 8zrepn
Grade: 0 bulls and 6 cows
Turn 492:
> z8repn
Grade: 1 bulls and 5 cows
Turn 493:
> p8rezn
Grade: 2 bulls and 4 cows
Turn 494:
> 8prezn
Grade: 1 bulls and 5 cows
Turn 495:
> rp8ezn
Grade: 1 bulls and 5 cows
Turn 496:
> pr8ezn
Grade: 1 bulls and 5 cows
Turn 497:
> 8rpezn
Grade: 1 bulls and 5 cows
Turn 498:
> r8pezn
Grade: 2 bulls and 4 cows
Turn 499:
> e8przn
Grade: 3 bulls and 3 cows
Turn 500:
> 8eprzn
Grade: 2 bulls and 4 cows
Turn 501:
> pe8rzn
Grade: 2 bulls and 4 cows
Turn 502:
> ep8rzn
Grade: 2 bulls and 4 cows
Turn 503:
> 8perzn
Grade: 3 bulls and 3 cows
Turn 504:
> p8erzn
Grade: 4 bulls and 2 cows
Turn 505:
> pre8zn
Grade: 2 bulls and 4 cows
Turn 506:
> rpe8zn
Grade: 2 bulls and 4 cows
Turn 507:
> epr8zn
Grade: 1 bulls and 5 cows
Turn 508:
> per8zn
Grade: 1 bulls and 5 cows
Turn 509:
> rep8zn
Grade: 1 bulls and 5 cows
Turn 510:
> erp8zn
Grade: 1 bulls and 5 cows
Turn 511:
> er8pzn
Grade: 1 bulls and 5 cows
Turn 512:
> re8pzn
Grade: 1 bulls and 5 cows
Turn 513:
> 8erpzn
Grade: 1 bulls and 5 cows
Turn 514:
> e8rpzn
Grade: 2 bulls and 4 cows
Turn 515:
> r8epzn
Grade: 3 bulls and 3 cows
Turn 516:
> 8repzn
Grade: 2 bulls and 4 cows
Turn 517:
> 8renzp
Grade: 3 bulls and 3 cows
Turn 518:
> r8enzp
Grade: 4 bulls and 2 cows
Turn 519:
> e8rnzp
Grade: 3 bulls and 3 cows
Turn 520:
> 8ernzp
Grade: 2 bulls and 4 cows
Turn 521:
> re8nzp
Grade: 2 bulls and 4 cows
Turn 522:
> er8nzp
Grade: 2 bulls and 4 cows
Turn 523:
> nr8ezp
Grade: 3 bulls and 3 cows
Turn 524:
> rn8ezp
Grade: 2 bulls and 4 cows
Turn 525:
> 8nrezp
Grade: 2 bulls and 4 cows
Turn 526:
> n8rezp
Grade: 4 bulls and 2 cows
Turn 527:
> r8nezp
Grade: 3 bulls and 3 cows
Turn 528:
> 8rnezp
Grade: 2 bulls and 4 cows
Turn 529:
> 8enrzp
Grade: 3 bulls and 3 cows
Turn 530:
> e8nrzp
Grade: 4 bulls and 2 cows
Turn 531:
> n8erzp
Grade: 6 bulls
Congratulations! You guessed the secret code.
?[1;31m
Start test 7?[0m
Please enter the secret code's length:
> 0
Error: can't generate a secret number with a length of 0.
?[1;31m
Start test 8?[0m
Please enter the secret code's length:
> 10
Please enter the secret code's length:
> 9
Error: it's not possible to generate a code with a length of 10 with 9 unique symbols.
?[1;31m
Start test 9?[0m
Please enter the secret code's length:
> 9
Please enter the secret code's length:
> 37
Error: maximum number of possible symbols in the code is 36 (0-9, a-z).
?[1;31m
Start test 10?[0m
Please enter the secret code's length:
> abcdefg 1 -6
Error: abcdefg isn't a valid number.
]]></system-out>
  <system-err><![CDATA[]]></system-err>
</testsuite>
